INFO:django.utils.autoreload:/Users/admin/Desktop/Rohit_Dev/nm_main/backend/payments/api.py changed, reloading.
INFO:django.utils.autoreload:/Users/admin/Desktop/Rohit_Dev/nm_main/backend/payments/api.py changed, reloading.
INFO:django.utils.autoreload:/Users/admin/Desktop/Rohit_Dev/nm_main/backend/payments/api.py changed, reloading.
INFO:django.utils.autoreload:/Users/admin/Desktop/Rohit_Dev/nm_main/backend/payments/api.py changed, reloading.
INFO:django.utils.autoreload:/Users/admin/Desktop/Rohit_Dev/nm_main/backend/payments/api.py changed, reloading.
INFO:django.utils.autoreload:/Users/admin/Desktop/Rohit_Dev/nm_main/backend/payments/api.py changed, reloading.
INFO:django.utils.autoreload:/Users/admin/Desktop/Rohit_Dev/nm_main/backend/payments/api.py changed, reloading.
INFO:django.utils.autoreload:/Users/admin/Desktop/Rohit_Dev/nm_main/backend/payments/api.py changed, reloading.
WARNING:django.request:Not Found: /
WARNING:django.request:Not Found: /favicon.ico
WARNING:django.request:Unauthorized: /api/payment/phonepe-webhook
INFO:django.utils.autoreload:/Users/admin/Desktop/Rohit_Dev/nm_main/backend/payments/api.py changed, reloading.
INFO:django.utils.autoreload:/Users/admin/Desktop/Rohit_Dev/nm_main/backend/payments/api.py changed, reloading.
WARNING:django.security.csrf:Forbidden (Origin checking failed - https://87b2-2409-40c2-400d-bec1-e423-97ec-80a-ce5b.ngrok-free.app does not match any trusted origins.): /admin/login/
INFO:django.utils.autoreload:/Users/admin/Desktop/Rohit_Dev/nm_main/backend/ecommerce/settings_local.py changed, reloading.
INFO:django.utils.autoreload:/Users/admin/Desktop/Rohit_Dev/nm_main/backend/ecommerce/settings_local.py changed, reloading.
INFO:django.utils.autoreload:/Users/admin/Desktop/Rohit_Dev/nm_main/backend/payments/api.py changed, reloading.
INFO:django.utils.autoreload:/Users/admin/Desktop/Rohit_Dev/nm_main/backend/payments/api.py changed, reloading.
INFO:django.utils.autoreload:/Users/admin/Desktop/Rohit_Dev/nm_main/backend/payments/api.py changed, reloading.
INFO:django.utils.autoreload:/Users/admin/Desktop/Rohit_Dev/nm_main/backend/payments/api.py changed, reloading.
INFO:django.utils.autoreload:/Users/admin/Desktop/Rohit_Dev/nm_main/backend/payments/api.py changed, reloading.
INFO:django.utils.autoreload:/Users/admin/Desktop/Rohit_Dev/nm_main/backend/orders/api.py changed, reloading.
INFO:django.utils.autoreload:/Users/admin/Desktop/Rohit_Dev/nm_main/backend/orders/api.py changed, reloading.
INFO:django.utils.autoreload:/Users/admin/Desktop/Rohit_Dev/nm_main/backend/orders/api.py changed, reloading.
INFO:django:"POST - AsyncNinjaJWTSlidingController[refresh_token] /api/token/refresh" 0.0048029422760009766
WARNING:django.request:Not Found: /api/review/reviews/order-item/71/
WARNING:django.request:Not Found: /api/review/reviews/order-item/75/
WARNING:django.request:Not Found: /api/review/reviews/order-item/76/
WARNING:django.request:Not Found: /api/review/reviews/order-item/70/
WARNING:django.request:Not Found: /api/review/reviews/order-item/74/
WARNING:django.request:Not Found: /api/review/reviews/order-item/72/
WARNING:django.request:Not Found: /api/review/reviews/order-item/69/
WARNING:django.request:Not Found: /api/review/reviews/order-item/65/
WARNING:django.request:Not Found: /api/review/reviews/order-item/64/
WARNING:django.request:Not Found: /api/review/reviews/order-item/73/
WARNING:django.request:Not Found: /api/review/reviews/order-item/62/
WARNING:django.request:Not Found: /api/review/reviews/order-item/63/
WARNING:django.request:Not Found: /api/review/reviews/order-item/67/
WARNING:django.request:Not Found: /api/review/reviews/order-item/66/
WARNING:django.request:Not Found: /api/review/reviews/order-item/68/
WARNING:django.request:Not Found: /api/review/reviews/order-item/74/
WARNING:django.request:Not Found: /api/review/reviews/order-item/73/
WARNING:django.request:Not Found: /api/review/reviews/order-item/75/
WARNING:django.request:Not Found: /api/review/reviews/order-item/76/
WARNING:django.request:Not Found: /api/review/reviews/order-item/72/
WARNING:django.request:Not Found: /api/review/reviews/order-item/71/
WARNING:django.request:Not Found: /api/review/reviews/order-item/70/
WARNING:django.request:Not Found: /api/review/reviews/order-item/68/
WARNING:django.request:Not Found: /api/review/reviews/order-item/64/
WARNING:django.request:Not Found: /api/review/reviews/order-item/66/
WARNING:django.request:Not Found: /api/review/reviews/order-item/69/
WARNING:django.request:Not Found: /api/review/reviews/order-item/67/
WARNING:django.request:Not Found: /api/review/reviews/order-item/63/
WARNING:django.request:Not Found: /api/review/reviews/order-item/65/
WARNING:django.request:Not Found: /api/review/reviews/order-item/62/
INFO:django.utils.autoreload:/Users/admin/Desktop/Rohit_Dev/nm_main/backend/utils/cache.py changed, reloading.
INFO:django:"POST - AsyncNinjaJWTSlidingController[refresh_token] /api/token/refresh" 0.03042006492614746
WARNING:django.request:Not Found: /api/review/reviews/order-item/74/
WARNING:django.request:Not Found: /api/review/reviews/order-item/76/
WARNING:django.request:Not Found: /api/review/reviews/order-item/75/
WARNING:django.request:Not Found: /api/review/reviews/order-item/73/
WARNING:django.request:Not Found: /api/review/reviews/order-item/70/
WARNING:django.request:Not Found: /api/review/reviews/order-item/72/
WARNING:django.request:Not Found: /api/review/reviews/order-item/67/
WARNING:django.request:Not Found: /api/review/reviews/order-item/69/
WARNING:django.request:Not Found: /api/review/reviews/order-item/65/
WARNING:django.request:Not Found: /api/review/reviews/order-item/66/
WARNING:django.request:Not Found: /api/review/reviews/order-item/64/
WARNING:django.request:Not Found: /api/review/reviews/order-item/79/
WARNING:django.request:Not Found: /api/review/reviews/order-item/68/
WARNING:django.request:Not Found: /api/review/reviews/order-item/71/
INFO:django.utils.autoreload:/Users/admin/Desktop/Rohit_Dev/nm_main/backend/orders/api.py changed, reloading.
INFO:django:"POST - AsyncNinjaJWTSlidingController[refresh_token] /api/token/refresh" 0.04149007797241211
WARNING:django.request:Not Found: /api/review/reviews/order-item/79/
WARNING:django.request:Not Found: /api/review/reviews/order-item/76/
WARNING:django.request:Not Found: /api/review/reviews/order-item/75/
WARNING:django.request:Not Found: /api/review/reviews/order-item/73/
WARNING:django.request:Not Found: /api/review/reviews/order-item/74/
WARNING:django.request:Not Found: /api/review/reviews/order-item/72/
WARNING:django.request:Not Found: /api/review/reviews/order-item/70/
WARNING:django.request:Not Found: /api/review/reviews/order-item/71/
WARNING:django.request:Not Found: /api/review/reviews/order-item/68/
WARNING:django.request:Not Found: /api/review/reviews/order-item/69/
WARNING:django.request:Not Found: /api/review/reviews/order-item/66/
WARNING:django.request:Not Found: /api/review/reviews/order-item/67/
WARNING:django.request:Not Found: /api/review/reviews/order-item/65/
WARNING:django.request:Not Found: /api/review/reviews/order-item/64/
WARNING:django.request:Not Found: /api/review/reviews/order-item/79/
WARNING:django.request:Not Found: /api/review/reviews/order-item/73/
WARNING:django.request:Not Found: /api/review/reviews/order-item/74/
WARNING:django.request:Not Found: /api/review/reviews/order-item/75/
WARNING:django.request:Not Found: /api/review/reviews/order-item/76/
WARNING:django.request:Not Found: /api/review/reviews/order-item/71/
WARNING:django.request:Not Found: /api/review/reviews/order-item/70/
WARNING:django.request:Not Found: /api/review/reviews/order-item/72/
WARNING:django.request:Not Found: /api/review/reviews/order-item/69/
WARNING:django.request:Not Found: /api/review/reviews/order-item/68/
WARNING:django.request:Not Found: /api/review/reviews/order-item/66/
WARNING:django.request:Not Found: /api/review/reviews/order-item/65/
WARNING:django.request:Not Found: /api/review/reviews/order-item/64/
WARNING:django.request:Not Found: /api/review/reviews/order-item/67/
INFO:django.utils.autoreload:/Users/admin/Desktop/Rohit_Dev/nm_main/backend/orders/api.py changed, reloading.
INFO:django:"POST - AsyncNinjaJWTSlidingController[refresh_token] /api/token/refresh" 0.0192568302154541
WARNING:django.request:Not Found: /api/review/reviews/order-item/79/
WARNING:django.request:Not Found: /api/review/reviews/order-item/75/
WARNING:django.request:Not Found: /api/review/reviews/order-item/76/
WARNING:django.request:Not Found: /api/review/reviews/order-item/74/
WARNING:django.request:Not Found: /api/review/reviews/order-item/73/
WARNING:django.request:Not Found: /api/review/reviews/order-item/71/
WARNING:django.request:Not Found: /api/review/reviews/order-item/72/
WARNING:django.request:Not Found: /api/review/reviews/order-item/70/
WARNING:django.request:Not Found: /api/review/reviews/order-item/68/
WARNING:django.request:Not Found: /api/review/reviews/order-item/69/
WARNING:django.request:Not Found: /api/review/reviews/order-item/65/
WARNING:django.request:Not Found: /api/review/reviews/order-item/66/
WARNING:django.request:Not Found: /api/review/reviews/order-item/67/
WARNING:django.request:Not Found: /api/review/reviews/order-item/80/
WARNING:django.request:Not Found: /api/review/reviews/order-item/81/
WARNING:django.request:Not Found: /api/review/reviews/order-item/64/
WARNING:django.request:Not Found: /api/review/reviews/order-item/82/
INFO:django.utils.autoreload:/Users/admin/Desktop/Rohit_Dev/nm_main/backend/orders/api.py changed, reloading.
WARNING:django.request:Not Found: /api/review/reviews/order-item/82/
WARNING:django.request:Not Found: /api/review/reviews/order-item/81/
WARNING:django.request:Not Found: /api/review/reviews/order-item/79/
WARNING:django.request:Not Found: /api/review/reviews/order-item/80/
WARNING:django.request:Not Found: /api/review/reviews/order-item/76/
WARNING:django.request:Not Found: /api/review/reviews/order-item/74/
WARNING:django.request:Not Found: /api/review/reviews/order-item/75/
WARNING:django.request:Not Found: /api/review/reviews/order-item/70/
WARNING:django.request:Not Found: /api/review/reviews/order-item/71/
WARNING:django.request:Not Found: /api/review/reviews/order-item/72/
WARNING:django.request:Not Found: /api/review/reviews/order-item/73/
WARNING:django.request:Not Found: /api/review/reviews/order-item/69/
WARNING:django.request:Not Found: /api/review/reviews/order-item/68/
WARNING:django.request:Not Found: /api/review/reviews/order-item/67/
WARNING:django.request:Not Found: /api/review/reviews/order-item/83/
WARNING:django.request:Not Found: /api/review/reviews/order-item/66/
INFO:django.utils.autoreload:/Users/admin/Desktop/Rohit_Dev/nm_main/backend/orders/api.py changed, reloading.
WARNING:django.request:Not Found: /api/review/reviews/order-item/81/
WARNING:django.request:Not Found: /api/review/reviews/order-item/80/
WARNING:django.request:Not Found: /api/review/reviews/order-item/79/
WARNING:django.request:Not Found: /api/review/reviews/order-item/83/
WARNING:django.request:Not Found: /api/review/reviews/order-item/82/
WARNING:django.request:Not Found: /api/review/reviews/order-item/76/
WARNING:django.request:Not Found: /api/review/reviews/order-item/75/
WARNING:django.request:Not Found: /api/review/reviews/order-item/74/
WARNING:django.request:Not Found: /api/review/reviews/order-item/73/
WARNING:django.request:Not Found: /api/review/reviews/order-item/71/
WARNING:django.request:Not Found: /api/review/reviews/order-item/72/
WARNING:django.request:Not Found: /api/review/reviews/order-item/70/
WARNING:django.request:Not Found: /api/review/reviews/order-item/69/
WARNING:django.request:Not Found: /api/review/reviews/order-item/67/
WARNING:django.request:Not Found: /api/review/reviews/order-item/68/
WARNING:django.request:Not Found: /api/review/reviews/order-item/84/
WARNING:django.request:Not Found: /api/review/reviews/order-item/85/
INFO:django.utils.autoreload:/Users/admin/Desktop/Rohit_Dev/nm_main/backend/orders/api.py changed, reloading.
INFO:django.utils.autoreload:/Users/admin/Desktop/Rohit_Dev/nm_main/backend/reviews/api.py changed, reloading.
INFO:django.utils.autoreload:/Users/admin/Desktop/Rohit_Dev/nm_main/backend/reviews/api.py changed, reloading.
INFO:django.utils.autoreload:/Users/admin/Desktop/Rohit_Dev/nm_main/backend/reviews/api.py changed, reloading.
INFO:django.utils.autoreload:/Users/admin/Desktop/Rohit_Dev/nm_main/backend/utils/cache.py changed, reloading.
INFO:django.utils.autoreload:/Users/admin/Desktop/Rohit_Dev/nm_main/backend/reviews/api.py changed, reloading.
INFO:django.utils.autoreload:/Users/admin/Desktop/Rohit_Dev/nm_main/backend/reviews/api.py changed, reloading.
INFO:django.utils.autoreload:/Users/admin/Desktop/Rohit_Dev/nm_main/backend/reviews/api.py changed, reloading.
WARNING:django.request:Not Found: /api/review/reviews/order-item/85/
WARNING:django.request:Not Found: /api/review/reviews/order-item/84/
WARNING:django.request:Not Found: /api/review/reviews/order-item/79/
WARNING:django.request:Not Found: /api/review/reviews/order-item/83/
WARNING:django.request:Not Found: /api/review/reviews/order-item/80/
WARNING:django.request:Not Found: /api/review/reviews/order-item/81/
WARNING:django.request:Not Found: /api/review/reviews/order-item/82/
WARNING:django.request:Not Found: /api/review/reviews/order-item/75/
WARNING:django.request:Not Found: /api/review/reviews/order-item/73/
WARNING:django.request:Not Found: /api/review/reviews/order-item/74/
WARNING:django.request:Not Found: /api/review/reviews/order-item/76/
WARNING:django.request:Not Found: /api/review/reviews/order-item/68/
WARNING:django.request:Not Found: /api/review/reviews/order-item/70/
WARNING:django.request:Not Found: /api/review/reviews/order-item/69/
WARNING:django.request:Not Found: /api/review/reviews/order-item/67/
WARNING:django.request:Not Found: /api/review/reviews/order-item/71/
WARNING:django.request:Not Found: /api/review/reviews/order-item/72/
INFO:django:"POST - AsyncNinjaJWTSlidingController[refresh_token] /api/token/refresh" 0.0027070045471191406
WARNING:django.request:Not Found: /api/review/reviews/order-item/82/
WARNING:django.request:Not Found: /api/review/reviews/order-item/83/
WARNING:django.request:Not Found: /api/review/reviews/order-item/81/
WARNING:django.request:Not Found: /api/review/reviews/order-item/84/
WARNING:django.request:Not Found: /api/review/reviews/order-item/80/
WARNING:django.request:Not Found: /api/review/reviews/order-item/79/
WARNING:django.request:Not Found: /api/review/reviews/order-item/76/
WARNING:django.request:Not Found: /api/review/reviews/order-item/75/
WARNING:django.request:Not Found: /api/review/reviews/order-item/74/
WARNING:django.request:Not Found: /api/review/reviews/order-item/72/
WARNING:django.request:Not Found: /api/review/reviews/order-item/70/
WARNING:django.request:Not Found: /api/review/reviews/order-item/73/
WARNING:django.request:Not Found: /api/review/reviews/order-item/71/
WARNING:django.request:Not Found: /api/review/reviews/order-item/68/
WARNING:django.request:Not Found: /api/review/reviews/order-item/69/
WARNING:django.request:Not Found: /api/review/reviews/order-item/67/
WARNING:django.request:Not Found: /api/review/reviews/order-item/84/
WARNING:django.request:Not Found: /api/review/reviews/order-item/83/
WARNING:django.request:Not Found: /api/review/reviews/order-item/80/
WARNING:django.request:Not Found: /api/review/reviews/order-item/82/
WARNING:django.request:Not Found: /api/review/reviews/order-item/81/
WARNING:django.request:Not Found: /api/review/reviews/order-item/75/
WARNING:django.request:Not Found: /api/review/reviews/order-item/79/
WARNING:django.request:Not Found: /api/review/reviews/order-item/73/
WARNING:django.request:Not Found: /api/review/reviews/order-item/72/
WARNING:django.request:Not Found: /api/review/reviews/order-item/76/
WARNING:django.request:Not Found: /api/review/reviews/order-item/74/
WARNING:django.request:Not Found: /api/review/reviews/order-item/69/
WARNING:django.request:Not Found: /api/review/reviews/order-item/71/
WARNING:django.request:Not Found: /api/review/reviews/order-item/70/
WARNING:django.request:Not Found: /api/review/reviews/order-item/68/
WARNING:django.request:Not Found: /api/review/reviews/order-item/67/
INFO:django.utils.autoreload:/Users/admin/Desktop/Rohit_Dev/nm_main/backend/reviews/api.py changed, reloading.
INFO:django.utils.autoreload:/Users/admin/Desktop/Rohit_Dev/nm_main/backend/reviews/api.py changed, reloading.
WARNING:django.request:Not Found: /api/review/reviews/order-item/82/
WARNING:django.request:Not Found: /api/review/reviews/order-item/81/
WARNING:django.request:Not Found: /api/review/reviews/order-item/83/
WARNING:django.request:Not Found: /api/review/reviews/order-item/80/
WARNING:django.request:Not Found: /api/review/reviews/order-item/79/
WARNING:django.request:Not Found: /api/review/reviews/order-item/75/
WARNING:django.request:Not Found: /api/review/reviews/order-item/74/
WARNING:django.request:Not Found: /api/review/reviews/order-item/76/
WARNING:django.request:Not Found: /api/review/reviews/order-item/71/
WARNING:django.request:Not Found: /api/review/reviews/order-item/69/
WARNING:django.request:Not Found: /api/review/reviews/order-item/73/
WARNING:django.request:Not Found: /api/review/reviews/order-item/70/
WARNING:django.request:Not Found: /api/review/reviews/order-item/68/
WARNING:django.request:Not Found: /api/review/reviews/order-item/72/
WARNING:django.request:Not Found: /api/review/reviews/order-item/67/
WARNING:django.request:Not Found: /api/review/reviews/order-item/81/
WARNING:django.request:Not Found: /api/review/reviews/order-item/83/
WARNING:django.request:Not Found: /api/review/reviews/order-item/82/
WARNING:django.request:Not Found: /api/review/reviews/order-item/79/
WARNING:django.request:Not Found: /api/review/reviews/order-item/80/
WARNING:django.request:Not Found: /api/review/reviews/order-item/76/
WARNING:django.request:Not Found: /api/review/reviews/order-item/75/
WARNING:django.request:Not Found: /api/review/reviews/order-item/73/
WARNING:django.request:Not Found: /api/review/reviews/order-item/70/
WARNING:django.request:Not Found: /api/review/reviews/order-item/74/
WARNING:django.request:Not Found: /api/review/reviews/order-item/72/
WARNING:django.request:Not Found: /api/review/reviews/order-item/69/
WARNING:django.request:Not Found: /api/review/reviews/order-item/71/
WARNING:django.request:Not Found: /api/review/reviews/order-item/68/
WARNING:django.request:Not Found: /api/review/reviews/order-item/67/
WARNING:django.request:Not Found: /api/review/reviews/order-item/82/
WARNING:django.request:Not Found: /api/review/reviews/order-item/80/
WARNING:django.request:Not Found: /api/review/reviews/order-item/83/
WARNING:django.request:Not Found: /api/review/reviews/order-item/81/
WARNING:django.request:Not Found: /api/review/reviews/order-item/79/
WARNING:django.request:Not Found: /api/review/reviews/order-item/76/
WARNING:django.request:Not Found: /api/review/reviews/order-item/75/
WARNING:django.request:Not Found: /api/review/reviews/order-item/73/
WARNING:django.request:Not Found: /api/review/reviews/order-item/74/
WARNING:django.request:Not Found: /api/review/reviews/order-item/72/
WARNING:django.request:Not Found: /api/review/reviews/order-item/67/
WARNING:django.request:Not Found: /api/review/reviews/order-item/71/
WARNING:django.request:Not Found: /api/review/reviews/order-item/70/
WARNING:django.request:Not Found: /api/review/reviews/order-item/68/
WARNING:django.request:Not Found: /api/review/reviews/order-item/69/
INFO:django.utils.autoreload:/Users/admin/Desktop/Rohit_Dev/nm_main/backend/orders/schemas.py changed, reloading.
INFO:django.utils.autoreload:/Users/admin/Desktop/Rohit_Dev/nm_main/backend/orders/api.py changed, reloading.
ERROR:django:1 validation error for OrderOutSchema
items.0.product_main_image
  Input should be a valid string [type=string_type, input_value=<cloudinary.CloudinaryRes...e object at 0x1091d8ef0>, input_type=CloudinaryResource]
    For further information visit https://errors.pydantic.dev/2.10/v/string_type
Traceback (most recent call last):
  File "/Users/admin/Desktop/Rohit_Dev/nm_main/env1/lib/python3.13/site-packages/ninja/operation.py", line 120, in run
    result = self.view_func(request, **values)
  File "/Users/admin/Desktop/Rohit_Dev/nm_main/backend/utils/cache.py", line 29, in wrapped_view
    response = view_func(request, *args, **kwargs)
  File "/Users/admin/Desktop/Rohit_Dev/nm_main/backend/orders/api.py", line 258, in orders
    return paginate_queryset(request, orders_data, OrderOutSchema, page_number, page_size, query)
  File "/Users/admin/Desktop/Rohit_Dev/nm_main/backend/utils/pagination.py", line 32, in paginate_queryset
    results = [schema.from_orm(obj) for obj in page_obj.object_list]
               ~~~~~~~~~~~~~~~^^^^^
  File "/Users/admin/Desktop/Rohit_Dev/nm_main/env1/lib/python3.13/site-packages/ninja/schema.py", line 232, in from_orm
    return cls.model_validate(obj, **kw)
           ~~~~~~~~~~~~~~~~~~^^^^^^^^^^^
  File "/Users/admin/Desktop/Rohit_Dev/nm_main/env1/lib/python3.13/site-packages/pydantic/main.py", line 627, in model_validate
    return cls.__pydantic_validator__.validate_python(
           ~~~~~~~~~~~~~~~~~~~~~~~~~~~~~~~~~~~~~~~~~~^
        obj, strict=strict, from_attributes=from_attributes, context=context
        ^^^^^^^^^^^^^^^^^^^^^^^^^^^^^^^^^^^^^^^^^^^^^^^^^^^^^^^^^^^^^^^^^^^^
    )
    ^
pydantic_core._pydantic_core.ValidationError: 1 validation error for OrderOutSchema
items.0.product_main_image
  Input should be a valid string [type=string_type, input_value=<cloudinary.CloudinaryRes...e object at 0x1091d8ef0>, input_type=CloudinaryResource]
    For further information visit https://errors.pydantic.dev/2.10/v/string_type
ERROR:django.request:Internal Server Error: /api/order/orders/
INFO:django.utils.autoreload:/Users/admin/Desktop/Rohit_Dev/nm_main/backend/orders/schemas.py changed, reloading.
INFO:django.utils.autoreload:/Users/admin/Desktop/Rohit_Dev/nm_main/backend/orders/schemas.py changed, reloading.
INFO:django.utils.autoreload:/Users/admin/Desktop/Rohit_Dev/nm_main/backend/orders/api.py changed, reloading.
WARNING:django.request:Not Found: /api/review/reviews/order-item/83/
WARNING:django.request:Not Found: /api/review/reviews/order-item/82/
WARNING:django.request:Not Found: /api/review/reviews/order-item/81/
WARNING:django.request:Not Found: /api/review/reviews/order-item/80/
WARNING:django.request:Not Found: /api/review/reviews/order-item/79/
WARNING:django.request:Not Found: /api/review/reviews/order-item/76/
WARNING:django.request:Not Found: /api/review/reviews/order-item/74/
WARNING:django.request:Not Found: /api/review/reviews/order-item/75/
WARNING:django.request:Not Found: /api/review/reviews/order-item/71/
WARNING:django.request:Not Found: /api/review/reviews/order-item/73/
WARNING:django.request:Not Found: /api/review/reviews/order-item/72/
WARNING:django.request:Not Found: /api/review/reviews/order-item/70/
WARNING:django.request:Not Found: /api/review/reviews/order-item/69/
WARNING:django.request:Not Found: /api/review/reviews/order-item/67/
WARNING:django.request:Not Found: /api/review/reviews/order-item/68/
WARNING:django.request:Not Found: /api/review/reviews/order-item/80/
WARNING:django.request:Not Found: /api/review/reviews/order-item/83/
WARNING:django.request:Not Found: /api/review/reviews/order-item/81/
WARNING:django.request:Not Found: /api/review/reviews/order-item/82/
WARNING:django.request:Not Found: /api/review/reviews/order-item/79/
WARNING:django.request:Not Found: /api/review/reviews/order-item/74/
WARNING:django.request:Not Found: /api/review/reviews/order-item/76/
WARNING:django.request:Not Found: /api/review/reviews/order-item/75/
WARNING:django.request:Not Found: /api/review/reviews/order-item/73/
WARNING:django.request:Not Found: /api/review/reviews/order-item/71/
WARNING:django.request:Not Found: /api/review/reviews/order-item/72/
WARNING:django.request:Not Found: /api/review/reviews/order-item/70/
WARNING:django.request:Not Found: /api/review/reviews/order-item/69/
WARNING:django.request:Not Found: /api/review/reviews/order-item/67/
WARNING:django.request:Not Found: /api/review/reviews/order-item/68/
INFO:django:"POST - AsyncNinjaJWTSlidingController[refresh_token] /api/token/refresh" 0.043554067611694336
INFO:django:"POST - AsyncNinjaJWTSlidingController[refresh_token] /api/token/refresh" 0.0014598369598388672
WARNING:django.request:Not Found: /api/review/reviews/order-item/83/
WARNING:django.request:Not Found: /api/review/reviews/order-item/81/
WARNING:django.request:Not Found: /api/review/reviews/order-item/82/
WARNING:django.request:Not Found: /api/review/reviews/order-item/80/
WARNING:django.request:Not Found: /api/review/reviews/order-item/76/
WARNING:django.request:Not Found: /api/review/reviews/order-item/75/
WARNING:django.request:Not Found: /api/review/reviews/order-item/79/
WARNING:django.request:Not Found: /api/review/reviews/order-item/74/
WARNING:django.request:Not Found: /api/review/reviews/order-item/73/
WARNING:django.request:Not Found: /api/review/reviews/order-item/70/
WARNING:django.request:Not Found: /api/review/reviews/order-item/71/
WARNING:django.request:Not Found: /api/review/reviews/order-item/72/
WARNING:django.request:Not Found: /api/review/reviews/order-item/69/
WARNING:django.request:Not Found: /api/review/reviews/order-item/67/
WARNING:django.request:Not Found: /api/review/reviews/order-item/68/
WARNING:django.request:Not Found: /api/review/reviews/order-item/80/
WARNING:django.request:Not Found: /api/review/reviews/order-item/81/
WARNING:django.request:Not Found: /api/review/reviews/order-item/83/
WARNING:django.request:Not Found: /api/review/reviews/order-item/82/
WARNING:django.request:Not Found: /api/review/reviews/order-item/79/
WARNING:django.request:Not Found: /api/review/reviews/order-item/75/
WARNING:django.request:Not Found: /api/review/reviews/order-item/76/
WARNING:django.request:Not Found: /api/review/reviews/order-item/71/
WARNING:django.request:Not Found: /api/review/reviews/order-item/74/
WARNING:django.request:Not Found: /api/review/reviews/order-item/73/
WARNING:django.request:Not Found: /api/review/reviews/order-item/72/
WARNING:django.request:Not Found: /api/review/reviews/order-item/69/
WARNING:django.request:Not Found: /api/review/reviews/order-item/70/
WARNING:django.request:Not Found: /api/review/reviews/order-item/68/
WARNING:django.request:Not Found: /api/review/reviews/order-item/67/
WARNING:django.request:Not Found: /api/review/reviews/order-item/80/
WARNING:django.request:Not Found: /api/review/reviews/order-item/81/
WARNING:django.request:Not Found: /api/review/reviews/order-item/79/
WARNING:django.request:Not Found: /api/review/reviews/order-item/82/
WARNING:django.request:Not Found: /api/review/reviews/order-item/83/
WARNING:django.request:Not Found: /api/review/reviews/order-item/76/
WARNING:django.request:Not Found: /api/review/reviews/order-item/73/
WARNING:django.request:Not Found: /api/review/reviews/order-item/72/
WARNING:django.request:Not Found: /api/review/reviews/order-item/71/
WARNING:django.request:Not Found: /api/review/reviews/order-item/70/
WARNING:django.request:Not Found: /api/review/reviews/order-item/69/
WARNING:django.request:Not Found: /api/review/reviews/order-item/67/
WARNING:django.request:Not Found: /api/review/reviews/order-item/68/
WARNING:django.request:Not Found: /api/review/reviews/order-item/75/
WARNING:django.request:Not Found: /api/review/reviews/order-item/74/
WARNING:django.request:Not Found: /api/review/reviews/order-item/79/
WARNING:django.request:Not Found: /api/review/reviews/order-item/82/
WARNING:django.request:Not Found: /api/review/reviews/order-item/83/
WARNING:django.request:Not Found: /api/review/reviews/order-item/80/
WARNING:django.request:Not Found: /api/review/reviews/order-item/81/
WARNING:django.request:Not Found: /api/review/reviews/order-item/73/
WARNING:django.request:Not Found: /api/review/reviews/order-item/74/
WARNING:django.request:Not Found: /api/review/reviews/order-item/72/
WARNING:django.request:Not Found: /api/review/reviews/order-item/75/
WARNING:django.request:Not Found: /api/review/reviews/order-item/71/
WARNING:django.request:Not Found: /api/review/reviews/order-item/76/
WARNING:django.request:Not Found: /api/review/reviews/order-item/70/
WARNING:django.request:Not Found: /api/review/reviews/order-item/68/
WARNING:django.request:Not Found: /api/review/reviews/order-item/69/
WARNING:django.request:Not Found: /api/review/reviews/order-item/67/
WARNING:django.request:Not Found: /api/review/reviews/order-item/80/
WARNING:django.request:Not Found: /api/review/reviews/order-item/83/
WARNING:django.request:Not Found: /api/review/reviews/order-item/82/
WARNING:django.request:Not Found: /api/review/reviews/order-item/79/
WARNING:django.request:Not Found: /api/review/reviews/order-item/81/
WARNING:django.request:Not Found: /api/review/reviews/order-item/76/
WARNING:django.request:Not Found: /api/review/reviews/order-item/74/
WARNING:django.request:Not Found: /api/review/reviews/order-item/73/
WARNING:django.request:Not Found: /api/review/reviews/order-item/75/
WARNING:django.request:Not Found: /api/review/reviews/order-item/69/
WARNING:django.request:Not Found: /api/review/reviews/order-item/70/
WARNING:django.request:Not Found: /api/review/reviews/order-item/68/
WARNING:django.request:Not Found: /api/review/reviews/order-item/67/
WARNING:django.request:Not Found: /api/review/reviews/order-item/72/
WARNING:django.request:Not Found: /api/review/reviews/order-item/71/
WARNING:django.request:Not Found: /api/review/reviews/order-item/82/
WARNING:django.request:Not Found: /api/review/reviews/order-item/81/
WARNING:django.request:Not Found: /api/review/reviews/order-item/83/
WARNING:django.request:Not Found: /api/review/reviews/order-item/80/
WARNING:django.request:Not Found: /api/review/reviews/order-item/76/
WARNING:django.request:Not Found: /api/review/reviews/order-item/74/
WARNING:django.request:Not Found: /api/review/reviews/order-item/72/
WARNING:django.request:Not Found: /api/review/reviews/order-item/70/
WARNING:django.request:Not Found: /api/review/reviews/order-item/79/
WARNING:django.request:Not Found: /api/review/reviews/order-item/75/
WARNING:django.request:Not Found: /api/review/reviews/order-item/69/
WARNING:django.request:Not Found: /api/review/reviews/order-item/73/
WARNING:django.request:Not Found: /api/review/reviews/order-item/71/
WARNING:django.request:Not Found: /api/review/reviews/order-item/68/
WARNING:django.request:Not Found: /api/review/reviews/order-item/67/
WARNING:django.request:Not Found: /api/review/reviews/order-item/83/
WARNING:django.request:Not Found: /api/review/reviews/order-item/82/
WARNING:django.request:Not Found: /api/review/reviews/order-item/80/
WARNING:django.request:Not Found: /api/review/reviews/order-item/81/
WARNING:django.request:Not Found: /api/review/reviews/order-item/79/
WARNING:django.request:Not Found: /api/review/reviews/order-item/73/
WARNING:django.request:Not Found: /api/review/reviews/order-item/76/
WARNING:django.request:Not Found: /api/review/reviews/order-item/74/
WARNING:django.request:Not Found: /api/review/reviews/order-item/69/
WARNING:django.request:Not Found: /api/review/reviews/order-item/72/
WARNING:django.request:Not Found: /api/review/reviews/order-item/70/
WARNING:django.request:Not Found: /api/review/reviews/order-item/67/
WARNING:django.request:Not Found: /api/review/reviews/order-item/75/
WARNING:django.request:Not Found: /api/review/reviews/order-item/68/
WARNING:django.request:Not Found: /api/review/reviews/order-item/71/
WARNING:django.request:Not Found: /api/review/reviews/order-item/81/
WARNING:django.request:Not Found: /api/review/reviews/order-item/82/
WARNING:django.request:Not Found: /api/review/reviews/order-item/80/
WARNING:django.request:Not Found: /api/review/reviews/order-item/79/
WARNING:django.request:Not Found: /api/review/reviews/order-item/83/
WARNING:django.request:Not Found: /api/review/reviews/order-item/73/
WARNING:django.request:Not Found: /api/review/reviews/order-item/72/
WARNING:django.request:Not Found: /api/review/reviews/order-item/71/
WARNING:django.request:Not Found: /api/review/reviews/order-item/70/
WARNING:django.request:Not Found: /api/review/reviews/order-item/69/
WARNING:django.request:Not Found: /api/review/reviews/order-item/76/
WARNING:django.request:Not Found: /api/review/reviews/order-item/68/
WARNING:django.request:Not Found: /api/review/reviews/order-item/75/
WARNING:django.request:Not Found: /api/review/reviews/order-item/74/
WARNING:django.request:Not Found: /api/review/reviews/order-item/67/
WARNING:django.request:Not Found: /api/review/reviews/order-item/83/
WARNING:django.request:Not Found: /api/review/reviews/order-item/81/
WARNING:django.request:Not Found: /api/review/reviews/order-item/80/
WARNING:django.request:Not Found: /api/review/reviews/order-item/82/
WARNING:django.request:Not Found: /api/review/reviews/order-item/79/
WARNING:django.request:Not Found: /api/review/reviews/order-item/74/
WARNING:django.request:Not Found: /api/review/reviews/order-item/76/
WARNING:django.request:Not Found: /api/review/reviews/order-item/75/
WARNING:django.request:Not Found: /api/review/reviews/order-item/72/
WARNING:django.request:Not Found: /api/review/reviews/order-item/71/
WARNING:django.request:Not Found: /api/review/reviews/order-item/69/
WARNING:django.request:Not Found: /api/review/reviews/order-item/73/
WARNING:django.request:Not Found: /api/review/reviews/order-item/68/
WARNING:django.request:Not Found: /api/review/reviews/order-item/67/
WARNING:django.request:Not Found: /api/review/reviews/order-item/70/
WARNING:django.request:Not Found: /api/review/reviews/order-item/83/
WARNING:django.request:Not Found: /api/review/reviews/order-item/81/
WARNING:django.request:Not Found: /api/review/reviews/order-item/80/
WARNING:django.request:Not Found: /api/review/reviews/order-item/82/
WARNING:django.request:Not Found: /api/review/reviews/order-item/79/
WARNING:django.request:Not Found: /api/review/reviews/order-item/76/
WARNING:django.request:Not Found: /api/review/reviews/order-item/74/
WARNING:django.request:Not Found: /api/review/reviews/order-item/75/
WARNING:django.request:Not Found: /api/review/reviews/order-item/73/
WARNING:django.request:Not Found: /api/review/reviews/order-item/70/
WARNING:django.request:Not Found: /api/review/reviews/order-item/71/
WARNING:django.request:Not Found: /api/review/reviews/order-item/72/
WARNING:django.request:Not Found: /api/review/reviews/order-item/67/
WARNING:django.request:Not Found: /api/review/reviews/order-item/69/
WARNING:django.request:Not Found: /api/review/reviews/order-item/68/
WARNING:django.request:Not Found: /api/review/reviews/order-item/80/
WARNING:django.request:Not Found: /api/review/reviews/order-item/81/
WARNING:django.request:Not Found: /api/review/reviews/order-item/82/
WARNING:django.request:Not Found: /api/review/reviews/order-item/83/
WARNING:django.request:Not Found: /api/review/reviews/order-item/75/
WARNING:django.request:Not Found: /api/review/reviews/order-item/76/
WARNING:django.request:Not Found: /api/review/reviews/order-item/79/
WARNING:django.request:Not Found: /api/review/reviews/order-item/73/
WARNING:django.request:Not Found: /api/review/reviews/order-item/72/
WARNING:django.request:Not Found: /api/review/reviews/order-item/68/
WARNING:django.request:Not Found: /api/review/reviews/order-item/70/
WARNING:django.request:Not Found: /api/review/reviews/order-item/69/
WARNING:django.request:Not Found: /api/review/reviews/order-item/71/
WARNING:django.request:Not Found: /api/review/reviews/order-item/74/
WARNING:django.request:Not Found: /api/review/reviews/order-item/67/
WARNING:django.request:Not Found: /api/review/reviews/order-item/82/
WARNING:django.request:Not Found: /api/review/reviews/order-item/81/
WARNING:django.request:Not Found: /api/review/reviews/order-item/83/
WARNING:django.request:Not Found: /api/review/reviews/order-item/79/
WARNING:django.request:Not Found: /api/review/reviews/order-item/80/
WARNING:django.request:Not Found: /api/review/reviews/order-item/74/
WARNING:django.request:Not Found: /api/review/reviews/order-item/73/
WARNING:django.request:Not Found: /api/review/reviews/order-item/72/
WARNING:django.request:Not Found: /api/review/reviews/order-item/71/
WARNING:django.request:Not Found: /api/review/reviews/order-item/70/
WARNING:django.request:Not Found: /api/review/reviews/order-item/76/
WARNING:django.request:Not Found: /api/review/reviews/order-item/69/
WARNING:django.request:Not Found: /api/review/reviews/order-item/68/
WARNING:django.request:Not Found: /api/review/reviews/order-item/67/
WARNING:django.request:Not Found: /api/review/reviews/order-item/75/
WARNING:django.request:Not Found: /api/review/reviews/order-item/81/
WARNING:django.request:Not Found: /api/review/reviews/order-item/82/
WARNING:django.request:Not Found: /api/review/reviews/order-item/80/
WARNING:django.request:Not Found: /api/review/reviews/order-item/79/
WARNING:django.request:Not Found: /api/review/reviews/order-item/83/
WARNING:django.request:Not Found: /api/review/reviews/order-item/73/
WARNING:django.request:Not Found: /api/review/reviews/order-item/71/
WARNING:django.request:Not Found: /api/review/reviews/order-item/70/
WARNING:django.request:Not Found: /api/review/reviews/order-item/76/
WARNING:django.request:Not Found: /api/review/reviews/order-item/74/
WARNING:django.request:Not Found: /api/review/reviews/order-item/72/
WARNING:django.request:Not Found: /api/review/reviews/order-item/68/
WARNING:django.request:Not Found: /api/review/reviews/order-item/75/
WARNING:django.request:Not Found: /api/review/reviews/order-item/67/
WARNING:django.request:Not Found: /api/review/reviews/order-item/69/
WARNING:django.request:Not Found: /api/review/reviews/order-item/83/
WARNING:django.request:Not Found: /api/review/reviews/order-item/79/
WARNING:django.request:Not Found: /api/review/reviews/order-item/80/
WARNING:django.request:Not Found: /api/review/reviews/order-item/82/
WARNING:django.request:Not Found: /api/review/reviews/order-item/81/
WARNING:django.request:Not Found: /api/review/reviews/order-item/75/
WARNING:django.request:Not Found: /api/review/reviews/order-item/76/
WARNING:django.request:Not Found: /api/review/reviews/order-item/74/
WARNING:django.request:Not Found: /api/review/reviews/order-item/70/
WARNING:django.request:Not Found: /api/review/reviews/order-item/73/
WARNING:django.request:Not Found: /api/review/reviews/order-item/69/
WARNING:django.request:Not Found: /api/review/reviews/order-item/67/
WARNING:django.request:Not Found: /api/review/reviews/order-item/71/
WARNING:django.request:Not Found: /api/review/reviews/order-item/72/
WARNING:django.request:Not Found: /api/review/reviews/order-item/68/
WARNING:django.request:Not Found: /api/review/reviews/order-item/80/
WARNING:django.request:Not Found: /api/review/reviews/order-item/82/
WARNING:django.request:Not Found: /api/review/reviews/order-item/81/
WARNING:django.request:Not Found: /api/review/reviews/order-item/83/
WARNING:django.request:Not Found: /api/review/reviews/order-item/79/
WARNING:django.request:Not Found: /api/review/reviews/order-item/74/
WARNING:django.request:Not Found: /api/review/reviews/order-item/76/
WARNING:django.request:Not Found: /api/review/reviews/order-item/71/
WARNING:django.request:Not Found: /api/review/reviews/order-item/75/
WARNING:django.request:Not Found: /api/review/reviews/order-item/69/
WARNING:django.request:Not Found: /api/review/reviews/order-item/72/
WARNING:django.request:Not Found: /api/review/reviews/order-item/73/
WARNING:django.request:Not Found: /api/review/reviews/order-item/67/
WARNING:django.request:Not Found: /api/review/reviews/order-item/68/
WARNING:django.request:Not Found: /api/review/reviews/order-item/70/
WARNING:django.request:Not Found: /api/review/reviews/order-item/83/
WARNING:django.request:Not Found: /api/review/reviews/order-item/82/
WARNING:django.request:Not Found: /api/review/reviews/order-item/80/
WARNING:django.request:Not Found: /api/review/reviews/order-item/79/
WARNING:django.request:Not Found: /api/review/reviews/order-item/81/
WARNING:django.request:Not Found: /api/review/reviews/order-item/72/
WARNING:django.request:Not Found: /api/review/reviews/order-item/76/
WARNING:django.request:Not Found: /api/review/reviews/order-item/75/
WARNING:django.request:Not Found: /api/review/reviews/order-item/73/
WARNING:django.request:Not Found: /api/review/reviews/order-item/68/
WARNING:django.request:Not Found: /api/review/reviews/order-item/74/
WARNING:django.request:Not Found: /api/review/reviews/order-item/67/
WARNING:django.request:Not Found: /api/review/reviews/order-item/71/
WARNING:django.request:Not Found: /api/review/reviews/order-item/70/
WARNING:django.request:Not Found: /api/review/reviews/order-item/69/
WARNING:django.request:Not Found: /api/review/reviews/order-item/81/
WARNING:django.request:Not Found: /api/review/reviews/order-item/80/
WARNING:django.request:Not Found: /api/review/reviews/order-item/83/
WARNING:django.request:Not Found: /api/review/reviews/order-item/82/
WARNING:django.request:Not Found: /api/review/reviews/order-item/79/
WARNING:django.request:Not Found: /api/review/reviews/order-item/74/
WARNING:django.request:Not Found: /api/review/reviews/order-item/76/
WARNING:django.request:Not Found: /api/review/reviews/order-item/73/
WARNING:django.request:Not Found: /api/review/reviews/order-item/75/
WARNING:django.request:Not Found: /api/review/reviews/order-item/72/
WARNING:django.request:Not Found: /api/review/reviews/order-item/70/
WARNING:django.request:Not Found: /api/review/reviews/order-item/67/
WARNING:django.request:Not Found: /api/review/reviews/order-item/71/
WARNING:django.request:Not Found: /api/review/reviews/order-item/68/
WARNING:django.request:Not Found: /api/review/reviews/order-item/69/
WARNING:django.request:Not Found: /api/review/reviews/order-item/80/
WARNING:django.request:Not Found: /api/review/reviews/order-item/83/
WARNING:django.request:Not Found: /api/review/reviews/order-item/81/
WARNING:django.request:Not Found: /api/review/reviews/order-item/82/
WARNING:django.request:Not Found: /api/review/reviews/order-item/76/
WARNING:django.request:Not Found: /api/review/reviews/order-item/79/
WARNING:django.request:Not Found: /api/review/reviews/order-item/73/
WARNING:django.request:Not Found: /api/review/reviews/order-item/72/
WARNING:django.request:Not Found: /api/review/reviews/order-item/75/
WARNING:django.request:Not Found: /api/review/reviews/order-item/74/
WARNING:django.request:Not Found: /api/review/reviews/order-item/70/
WARNING:django.request:Not Found: /api/review/reviews/order-item/68/
WARNING:django.request:Not Found: /api/review/reviews/order-item/69/
WARNING:django.request:Not Found: /api/review/reviews/order-item/71/
WARNING:django.request:Not Found: /api/review/reviews/order-item/67/
WARNING:django.request:Not Found: /api/review/reviews/order-item/83/
WARNING:django.request:Not Found: /api/review/reviews/order-item/81/
WARNING:django.request:Not Found: /api/review/reviews/order-item/80/
WARNING:django.request:Not Found: /api/review/reviews/order-item/82/
WARNING:django.request:Not Found: /api/review/reviews/order-item/79/
WARNING:django.request:Not Found: /api/review/reviews/order-item/76/
WARNING:django.request:Not Found: /api/review/reviews/order-item/75/
WARNING:django.request:Not Found: /api/review/reviews/order-item/71/
WARNING:django.request:Not Found: /api/review/reviews/order-item/73/
WARNING:django.request:Not Found: /api/review/reviews/order-item/70/
WARNING:django.request:Not Found: /api/review/reviews/order-item/69/
WARNING:django.request:Not Found: /api/review/reviews/order-item/72/
WARNING:django.request:Not Found: /api/review/reviews/order-item/74/
WARNING:django.request:Not Found: /api/review/reviews/order-item/67/
WARNING:django.request:Not Found: /api/review/reviews/order-item/68/
WARNING:django.request:Not Found: /api/review/reviews/order-item/83/
WARNING:django.request:Not Found: /api/review/reviews/order-item/81/
WARNING:django.request:Not Found: /api/review/reviews/order-item/82/
WARNING:django.request:Not Found: /api/review/reviews/order-item/80/
WARNING:django.request:Not Found: /api/review/reviews/order-item/79/
WARNING:django.request:Not Found: /api/review/reviews/order-item/75/
WARNING:django.request:Not Found: /api/review/reviews/order-item/74/
WARNING:django.request:Not Found: /api/review/reviews/order-item/76/
WARNING:django.request:Not Found: /api/review/reviews/order-item/69/
WARNING:django.request:Not Found: /api/review/reviews/order-item/70/
WARNING:django.request:Not Found: /api/review/reviews/order-item/72/
WARNING:django.request:Not Found: /api/review/reviews/order-item/73/
WARNING:django.request:Not Found: /api/review/reviews/order-item/68/
WARNING:django.request:Not Found: /api/review/reviews/order-item/67/
WARNING:django.request:Not Found: /api/review/reviews/order-item/71/
WARNING:django.request:Not Found: /favicon.ico
INFO:django.utils.autoreload:/Users/admin/Desktop/Rohit_Dev/nm_main/backend/orders/models.py changed, reloading.
ERROR:django.request:Internal Server Error: /admin/orders/order/add/
Traceback (most recent call last):
  File "/Users/admin/Desktop/Rohit_Dev/nm_main/env1/lib/python3.13/site-packages/django/core/handlers/exception.py", line 55, in inner
    response = get_response(request)
  File "/Users/admin/Desktop/Rohit_Dev/nm_main/env1/lib/python3.13/site-packages/django/core/handlers/base.py", line 197, in _get_response
    response = wrapped_callback(request, *callback_args, **callback_kwargs)
  File "/Users/admin/Desktop/Rohit_Dev/nm_main/env1/lib/python3.13/site-packages/django/contrib/admin/options.py", line 718, in wrapper
    return self.admin_site.admin_view(view)(*args, **kwargs)
           ~~~~~~~~~~~~~~~~~~~~~~~~~~~~~~~~^^^^^^^^^^^^^^^^^
  File "/Users/admin/Desktop/Rohit_Dev/nm_main/env1/lib/python3.13/site-packages/django/utils/decorators.py", line 188, in _view_wrapper
    result = _process_exception(request, e)
  File "/Users/admin/Desktop/Rohit_Dev/nm_main/env1/lib/python3.13/site-packages/django/utils/decorators.py", line 186, in _view_wrapper
    response = view_func(request, *args, **kwargs)
  File "/Users/admin/Desktop/Rohit_Dev/nm_main/env1/lib/python3.13/site-packages/django/views/decorators/cache.py", line 80, in _view_wrapper
    response = view_func(request, *args, **kwargs)
  File "/Users/admin/Desktop/Rohit_Dev/nm_main/env1/lib/python3.13/site-packages/django/contrib/admin/sites.py", line 241, in inner
    return view(request, *args, **kwargs)
  File "/Users/admin/Desktop/Rohit_Dev/nm_main/env1/lib/python3.13/site-packages/django/contrib/admin/options.py", line 1961, in add_view
    return self.changeform_view(request, None, form_url, extra_context)
           ~~~~~~~~~~~~~~~~~~~~^^^^^^^^^^^^^^^^^^^^^^^^^^^^^^^^^^^^^^^^
  File "/Users/admin/Desktop/Rohit_Dev/nm_main/env1/lib/python3.13/site-packages/django/utils/decorators.py", line 48, in _wrapper
    return bound_method(*args, **kwargs)
  File "/Users/admin/Desktop/Rohit_Dev/nm_main/env1/lib/python3.13/site-packages/django/utils/decorators.py", line 188, in _view_wrapper
    result = _process_exception(request, e)
  File "/Users/admin/Desktop/Rohit_Dev/nm_main/env1/lib/python3.13/site-packages/django/utils/decorators.py", line 186, in _view_wrapper
    response = view_func(request, *args, **kwargs)
  File "/Users/admin/Desktop/Rohit_Dev/nm_main/env1/lib/python3.13/site-packages/django/contrib/admin/options.py", line 1820, in changeform_view
    return self._changeform_view(request, object_id, form_url, extra_context)
           ~~~~~~~~~~~~~~~~~~~~~^^^^^^^^^^^^^^^^^^^^^^^^^^^^^^^^^^^^^^^^^^^^^
  File "/Users/admin/Desktop/Rohit_Dev/nm_main/env1/lib/python3.13/site-packages/django/contrib/admin/options.py", line 1872, in _changeform_view
    self.save_related(request, form, formsets, not add)
    ~~~~~~~~~~~~~~~~~^^^^^^^^^^^^^^^^^^^^^^^^^^^^^^^^^^
  File "/Users/admin/Desktop/Rohit_Dev/nm_main/env1/lib/python3.13/site-packages/django/contrib/admin/options.py", line 1322, in save_related
    self.save_formset(request, form, formset, change=change)
    ~~~~~~~~~~~~~~~~~^^^^^^^^^^^^^^^^^^^^^^^^^^^^^^^^^^^^^^^
  File "/Users/admin/Desktop/Rohit_Dev/nm_main/env1/lib/python3.13/site-packages/django/contrib/admin/options.py", line 1310, in save_formset
    formset.save()
    ~~~~~~~~~~~~^^
  File "/Users/admin/Desktop/Rohit_Dev/nm_main/env1/lib/python3.13/site-packages/django/forms/models.py", line 796, in save
    return self.save_existing_objects(commit) + self.save_new_objects(commit)
                                                ~~~~~~~~~~~~~~~~~~~~~^^^^^^^^
  File "/Users/admin/Desktop/Rohit_Dev/nm_main/env1/lib/python3.13/site-packages/django/forms/models.py", line 959, in save_new_objects
    self.new_objects.append(self.save_new(form, commit=commit))
                            ~~~~~~~~~~~~~^^^^^^^^^^^^^^^^^^^^^
  File "/Users/admin/Desktop/Rohit_Dev/nm_main/env1/lib/python3.13/site-packages/django/forms/models.py", line 1157, in save_new
    return super().save_new(form, commit=commit)
           ~~~~~~~~~~~~~~~~^^^^^^^^^^^^^^^^^^^^^
  File "/Users/admin/Desktop/Rohit_Dev/nm_main/env1/lib/python3.13/site-packages/django/forms/models.py", line 769, in save_new
    return form.save(commit=commit)
           ~~~~~~~~~^^^^^^^^^^^^^^^
  File "/Users/admin/Desktop/Rohit_Dev/nm_main/env1/lib/python3.13/site-packages/django/forms/models.py", line 554, in save
    self.instance.save()
    ~~~~~~~~~~~~~~~~~~^^
  File "/Users/admin/Desktop/Rohit_Dev/nm_main/backend/orders/models.py", line 92, in save
    self.subtotal = self.quantity * self.price
                    ~~~~~~~~~~~~~~^~~~~~~~~~~~
TypeError: unsupported operand type(s) for *: 'NoneType' and 'decimal.Decimal'
ERROR:django:ProductListing matching query does not exist.
Traceback (most recent call last):
  File "/Users/admin/Desktop/Rohit_Dev/nm_main/env1/lib/python3.13/site-packages/django/db/models/fields/related_descriptors.py", line 239, in __get__
    rel_obj = self.field.get_cached_value(instance)
  File "/Users/admin/Desktop/Rohit_Dev/nm_main/env1/lib/python3.13/site-packages/django/db/models/fields/mixins.py", line 37, in get_cached_value
    return instance._state.fields_cache[self.cache_name]
           ~~~~~~~~~~~~~~~~~~~~~~~~~~~~^^^^^^^^^^^^^^^^^
KeyError: 'product_listing'

During handling of the above exception, another exception occurred:

Traceback (most recent call last):
  File "/Users/admin/Desktop/Rohit_Dev/nm_main/env1/lib/python3.13/site-packages/ninja/operation.py", line 120, in run
    result = self.view_func(request, **values)
  File "/Users/admin/Desktop/Rohit_Dev/nm_main/backend/orders/api.py", line 294, in create_order_item
    order_item.save()
    ~~~~~~~~~~~~~~~^^
  File "/Users/admin/Desktop/Rohit_Dev/nm_main/backend/orders/models.py", line 94, in save
    if self.product_listing.stock > 0 and not self.pk:
       ^^^^^^^^^^^^^^^^^^^^
  File "/Users/admin/Desktop/Rohit_Dev/nm_main/env1/lib/python3.13/site-packages/django/db/models/fields/related_descriptors.py", line 257, in __get__
    rel_obj = self.get_object(instance)
  File "/Users/admin/Desktop/Rohit_Dev/nm_main/env1/lib/python3.13/site-packages/django/db/models/fields/related_descriptors.py", line 220, in get_object
    return qs.get(self.field.get_reverse_related_filter(instance))
           ~~~~~~^^^^^^^^^^^^^^^^^^^^^^^^^^^^^^^^^^^^^^^^^^^^^^^^^
  File "/Users/admin/Desktop/Rohit_Dev/nm_main/env1/lib/python3.13/site-packages/django/db/models/query.py", line 649, in get
    raise self.model.DoesNotExist(
        "%s matching query does not exist." % self.model._meta.object_name
    )
products.models.ProductListing.DoesNotExist: ProductListing matching query does not exist.
ERROR:django.request:Internal Server Error: /api/order/order-items/
INFO:django.utils.autoreload:/Users/admin/Desktop/Rohit_Dev/nm_main/backend/orders/models.py changed, reloading.
INFO:django.utils.autoreload:/Users/admin/Desktop/Rohit_Dev/nm_main/backend/products/api.py changed, reloading.
INFO:django:"POST - AsyncNinjaJWTSlidingController[refresh_token] /api/token/refresh" 0.059844970703125
INFO:django:"POST - AsyncNinjaJWTSlidingController[refresh_token] /api/token/refresh" 0.007717132568359375
WARNING:django.request:Not Found: /api/product/product-listings/related/5/
WARNING:django.request:Not Found: /api/product/product-listings/related/8/
INFO:django:"POST - AsyncNinjaJWTSlidingController[refresh_token] /api/token/refresh" 0.009835958480834961
INFO:django:"POST - AsyncNinjaJWTSlidingController[refresh_token] /api/token/refresh" 0.04495406150817871
INFO:django:"POST - AsyncNinjaJWTSlidingController[refresh_token] /api/token/refresh" 0.03890204429626465
WARNING:django.request:Not Found: /api/review/reviews/order-item/83/
WARNING:django.request:Not Found: /api/review/reviews/order-item/82/
WARNING:django.request:Not Found: /api/review/reviews/order-item/79/
WARNING:django.request:Not Found: /api/review/reviews/order-item/81/
WARNING:django.request:Not Found: /api/review/reviews/order-item/80/
WARNING:django.request:Not Found: /api/review/reviews/order-item/76/
WARNING:django.request:Not Found: /api/review/reviews/order-item/74/
WARNING:django.request:Not Found: /api/review/reviews/order-item/73/
WARNING:django.request:Not Found: /api/review/reviews/order-item/72/
WARNING:django.request:Not Found: /api/review/reviews/order-item/75/
WARNING:django.request:Not Found: /api/review/reviews/order-item/71/
WARNING:django.request:Not Found: /api/review/reviews/order-item/70/
WARNING:django.request:Not Found: /api/review/reviews/order-item/69/
WARNING:django.request:Not Found: /api/review/reviews/order-item/68/
WARNING:django.request:Not Found: /api/review/reviews/order-item/67/
WARNING:django.request:Not Found: /api/review/reviews/order-item/83/
WARNING:django.request:Not Found: /api/review/reviews/order-item/82/
WARNING:django.request:Not Found: /api/review/reviews/order-item/81/
WARNING:django.request:Not Found: /api/review/reviews/order-item/80/
WARNING:django.request:Not Found: /api/review/reviews/order-item/79/
WARNING:django.request:Not Found: /api/review/reviews/order-item/75/
WARNING:django.request:Not Found: /api/review/reviews/order-item/73/
WARNING:django.request:Not Found: /api/review/reviews/order-item/74/
WARNING:django.request:Not Found: /api/review/reviews/order-item/76/
WARNING:django.request:Not Found: /api/review/reviews/order-item/69/
WARNING:django.request:Not Found: /api/review/reviews/order-item/72/
WARNING:django.request:Not Found: /api/review/reviews/order-item/67/
WARNING:django.request:Not Found: /api/review/reviews/order-item/71/
WARNING:django.request:Not Found: /api/review/reviews/order-item/70/
WARNING:django.request:Not Found: /api/review/reviews/order-item/68/
WARNING:django.request:Not Found: /api/review/reviews/order-item/80/
WARNING:django.request:Not Found: /api/review/reviews/order-item/81/
WARNING:django.request:Not Found: /api/review/reviews/order-item/82/
WARNING:django.request:Not Found: /api/review/reviews/order-item/79/
WARNING:django.request:Not Found: /api/review/reviews/order-item/76/
WARNING:django.request:Not Found: /api/review/reviews/order-item/75/
WARNING:django.request:Not Found: /api/review/reviews/order-item/73/
WARNING:django.request:Not Found: /api/review/reviews/order-item/72/
WARNING:django.request:Not Found: /api/review/reviews/order-item/71/
WARNING:django.request:Not Found: /api/review/reviews/order-item/70/
WARNING:django.request:Not Found: /api/review/reviews/order-item/69/
WARNING:django.request:Not Found: /api/review/reviews/order-item/68/
WARNING:django.request:Not Found: /api/review/reviews/order-item/67/
WARNING:django.request:Not Found: /api/review/reviews/order-item/74/
WARNING:django.request:Not Found: /api/review/reviews/order-item/81/
WARNING:django.request:Not Found: /api/review/reviews/order-item/82/
WARNING:django.request:Not Found: /api/review/reviews/order-item/79/
WARNING:django.request:Not Found: /api/review/reviews/order-item/80/
WARNING:django.request:Not Found: /api/review/reviews/order-item/74/
WARNING:django.request:Not Found: /api/review/reviews/order-item/75/
WARNING:django.request:Not Found: /api/review/reviews/order-item/76/
WARNING:django.request:Not Found: /api/review/reviews/order-item/73/
WARNING:django.request:Not Found: /api/review/reviews/order-item/71/
WARNING:django.request:Not Found: /api/review/reviews/order-item/70/
WARNING:django.request:Not Found: /api/review/reviews/order-item/68/
WARNING:django.request:Not Found: /api/review/reviews/order-item/72/
WARNING:django.request:Not Found: /api/review/reviews/order-item/69/
WARNING:django.request:Not Found: /api/review/reviews/order-item/67/
INFO:django.utils.autoreload:/Users/admin/Desktop/Rohit_Dev/nm_main/backend/users/api.py changed, reloading.
INFO:django.utils.autoreload:/Users/admin/Desktop/Rohit_Dev/nm_main/backend/utils/cache.py changed, reloading.
INFO:django.utils.autoreload:/Users/admin/Desktop/Rohit_Dev/nm_main/backend/users/api.py changed, reloading.
INFO:django.utils.autoreload:/Users/admin/Desktop/Rohit_Dev/nm_main/backend/utils/cache.py changed, reloading.
WARNING:django.request:Unauthorized: /api/user/shipping-addresses/
INFO:django.utils.autoreload:/Users/admin/Desktop/Rohit_Dev/nm_main/backend/users/api.py changed, reloading.
ERROR:django:FOREIGN KEY constraint failed
Traceback (most recent call last):
  File "/Users/admin/Desktop/Rohit_Dev/nm_main/env1/lib/python3.13/site-packages/django/db/utils.py", line 98, in inner
    return func(*args, **kwargs)
sqlite3.IntegrityError: FOREIGN KEY constraint failed

The above exception was the direct cause of the following exception:

Traceback (most recent call last):
  File "/Users/admin/Desktop/Rohit_Dev/nm_main/env1/lib/python3.13/site-packages/ninja/operation.py", line 120, in run
    result = self.view_func(request, **values)
  File "/Users/admin/Desktop/Rohit_Dev/nm_main/backend/users/api.py", line 440, in create_shipping_address
    shipping_address.save()
    ~~~~~~~~~~~~~~~~~~~~~^^
  File "/Users/admin/Desktop/Rohit_Dev/nm_main/env1/lib/python3.13/site-packages/django/db/models/base.py", line 891, in save
    self.save_base(
    ~~~~~~~~~~~~~~^
        using=using,
        ^^^^^^^^^^^^
    ...<2 lines>...
        update_fields=update_fields,
        ^^^^^^^^^^^^^^^^^^^^^^^^^^^^
    )
    ^
  File "/Users/admin/Desktop/Rohit_Dev/nm_main/env1/lib/python3.13/site-packages/django/db/models/base.py", line 997, in save_base
    updated = self._save_table(
        raw,
    ...<4 lines>...
        update_fields,
    )
  File "/Users/admin/Desktop/Rohit_Dev/nm_main/env1/lib/python3.13/site-packages/django/db/models/base.py", line 1160, in _save_table
    results = self._do_insert(
        cls._base_manager, using, fields, returning_fields, raw
    )
  File "/Users/admin/Desktop/Rohit_Dev/nm_main/env1/lib/python3.13/site-packages/django/db/models/base.py", line 1201, in _do_insert
    return manager._insert(
           ~~~~~~~~~~~~~~~^
        [self],
        ^^^^^^^
    ...<3 lines>...
        raw=raw,
        ^^^^^^^^
    )
    ^
  File "/Users/admin/Desktop/Rohit_Dev/nm_main/env1/lib/python3.13/site-packages/django/db/models/manager.py", line 87, in manager_method
    return getattr(self.get_queryset(), name)(*args, **kwargs)
           ~~~~~~~~~~~~~~~~~~~~~~~~~~~~~~~~~~^^^^^^^^^^^^^^^^^
  File "/Users/admin/Desktop/Rohit_Dev/nm_main/env1/lib/python3.13/site-packages/django/db/models/query.py", line 1847, in _insert
    return query.get_compiler(using=using).execute_sql(returning_fields)
           ~~~~~~~~~~~~~~~~~~~~~~~~~~~~~~~~~~~~~~~~~~~^^^^^^^^^^^^^^^^^^
  File "/Users/admin/Desktop/Rohit_Dev/nm_main/env1/lib/python3.13/site-packages/django/db/models/sql/compiler.py", line 1848, in execute_sql
    self.connection.ops.fetch_returned_insert_columns(
    ~~~~~~~~~~~~~~~~~~~~~~~~~~~~~~~~~~~~~~~~~~~~~~~~~^
        cursor,
        ^^^^^^^
        self.returning_params,
        ^^^^^^^^^^^^^^^^^^^^^^
    )
    ^
  File "/Users/admin/Desktop/Rohit_Dev/nm_main/env1/lib/python3.13/site-packages/django/db/backends/base/operations.py", line 216, in fetch_returned_insert_columns
    return cursor.fetchone()
           ~~~~~~~~~~~~~~~^^
  File "/Users/admin/Desktop/Rohit_Dev/nm_main/env1/lib/python3.13/site-packages/django/db/utils.py", line 97, in inner
    with self:
         ^^^^
  File "/Users/admin/Desktop/Rohit_Dev/nm_main/env1/lib/python3.13/site-packages/django/db/utils.py", line 91, in __exit__
    raise dj_exc_value.with_traceback(traceback) from exc_value
  File "/Users/admin/Desktop/Rohit_Dev/nm_main/env1/lib/python3.13/site-packages/django/db/utils.py", line 98, in inner
    return func(*args, **kwargs)
django.db.utils.IntegrityError: FOREIGN KEY constraint failed
ERROR:django.request:Internal Server Error: /api/user/shipping-addresses/
ERROR:django:FOREIGN KEY constraint failed
Traceback (most recent call last):
  File "/Users/admin/Desktop/Rohit_Dev/nm_main/env1/lib/python3.13/site-packages/django/db/utils.py", line 98, in inner
    return func(*args, **kwargs)
sqlite3.IntegrityError: FOREIGN KEY constraint failed

The above exception was the direct cause of the following exception:

Traceback (most recent call last):
  File "/Users/admin/Desktop/Rohit_Dev/nm_main/env1/lib/python3.13/site-packages/ninja/operation.py", line 120, in run
    result = self.view_func(request, **values)
  File "/Users/admin/Desktop/Rohit_Dev/nm_main/backend/users/api.py", line 440, in create_shipping_address
    shipping_address.save()
    ~~~~~~~~~~~~~~~~~~~~~^^
  File "/Users/admin/Desktop/Rohit_Dev/nm_main/env1/lib/python3.13/site-packages/django/db/models/base.py", line 891, in save
    self.save_base(
    ~~~~~~~~~~~~~~^
        using=using,
        ^^^^^^^^^^^^
    ...<2 lines>...
        update_fields=update_fields,
        ^^^^^^^^^^^^^^^^^^^^^^^^^^^^
    )
    ^
  File "/Users/admin/Desktop/Rohit_Dev/nm_main/env1/lib/python3.13/site-packages/django/db/models/base.py", line 997, in save_base
    updated = self._save_table(
        raw,
    ...<4 lines>...
        update_fields,
    )
  File "/Users/admin/Desktop/Rohit_Dev/nm_main/env1/lib/python3.13/site-packages/django/db/models/base.py", line 1160, in _save_table
    results = self._do_insert(
        cls._base_manager, using, fields, returning_fields, raw
    )
  File "/Users/admin/Desktop/Rohit_Dev/nm_main/env1/lib/python3.13/site-packages/django/db/models/base.py", line 1201, in _do_insert
    return manager._insert(
           ~~~~~~~~~~~~~~~^
        [self],
        ^^^^^^^
    ...<3 lines>...
        raw=raw,
        ^^^^^^^^
    )
    ^
  File "/Users/admin/Desktop/Rohit_Dev/nm_main/env1/lib/python3.13/site-packages/django/db/models/manager.py", line 87, in manager_method
    return getattr(self.get_queryset(), name)(*args, **kwargs)
           ~~~~~~~~~~~~~~~~~~~~~~~~~~~~~~~~~~^^^^^^^^^^^^^^^^^
  File "/Users/admin/Desktop/Rohit_Dev/nm_main/env1/lib/python3.13/site-packages/django/db/models/query.py", line 1847, in _insert
    return query.get_compiler(using=using).execute_sql(returning_fields)
           ~~~~~~~~~~~~~~~~~~~~~~~~~~~~~~~~~~~~~~~~~~~^^^^^^^^^^^^^^^^^^
  File "/Users/admin/Desktop/Rohit_Dev/nm_main/env1/lib/python3.13/site-packages/django/db/models/sql/compiler.py", line 1848, in execute_sql
    self.connection.ops.fetch_returned_insert_columns(
    ~~~~~~~~~~~~~~~~~~~~~~~~~~~~~~~~~~~~~~~~~~~~~~~~~^
        cursor,
        ^^^^^^^
        self.returning_params,
        ^^^^^^^^^^^^^^^^^^^^^^
    )
    ^
  File "/Users/admin/Desktop/Rohit_Dev/nm_main/env1/lib/python3.13/site-packages/django/db/backends/base/operations.py", line 216, in fetch_returned_insert_columns
    return cursor.fetchone()
           ~~~~~~~~~~~~~~~^^
  File "/Users/admin/Desktop/Rohit_Dev/nm_main/env1/lib/python3.13/site-packages/django/db/utils.py", line 97, in inner
    with self:
         ^^^^
  File "/Users/admin/Desktop/Rohit_Dev/nm_main/env1/lib/python3.13/site-packages/django/db/utils.py", line 91, in __exit__
    raise dj_exc_value.with_traceback(traceback) from exc_value
  File "/Users/admin/Desktop/Rohit_Dev/nm_main/env1/lib/python3.13/site-packages/django/db/utils.py", line 98, in inner
    return func(*args, **kwargs)
django.db.utils.IntegrityError: FOREIGN KEY constraint failed
ERROR:django.request:Internal Server Error: /api/user/shipping-addresses/
ERROR:django:FOREIGN KEY constraint failed
Traceback (most recent call last):
  File "/Users/admin/Desktop/Rohit_Dev/nm_main/env1/lib/python3.13/site-packages/django/db/utils.py", line 98, in inner
    return func(*args, **kwargs)
sqlite3.IntegrityError: FOREIGN KEY constraint failed

The above exception was the direct cause of the following exception:

Traceback (most recent call last):
  File "/Users/admin/Desktop/Rohit_Dev/nm_main/env1/lib/python3.13/site-packages/ninja/operation.py", line 120, in run
    result = self.view_func(request, **values)
  File "/Users/admin/Desktop/Rohit_Dev/nm_main/backend/users/api.py", line 440, in create_shipping_address
    shipping_address.save()
    ~~~~~~~~~~~~~~~~~~~~~^^
  File "/Users/admin/Desktop/Rohit_Dev/nm_main/env1/lib/python3.13/site-packages/django/db/models/base.py", line 891, in save
    self.save_base(
    ~~~~~~~~~~~~~~^
        using=using,
        ^^^^^^^^^^^^
    ...<2 lines>...
        update_fields=update_fields,
        ^^^^^^^^^^^^^^^^^^^^^^^^^^^^
    )
    ^
  File "/Users/admin/Desktop/Rohit_Dev/nm_main/env1/lib/python3.13/site-packages/django/db/models/base.py", line 997, in save_base
    updated = self._save_table(
        raw,
    ...<4 lines>...
        update_fields,
    )
  File "/Users/admin/Desktop/Rohit_Dev/nm_main/env1/lib/python3.13/site-packages/django/db/models/base.py", line 1160, in _save_table
    results = self._do_insert(
        cls._base_manager, using, fields, returning_fields, raw
    )
  File "/Users/admin/Desktop/Rohit_Dev/nm_main/env1/lib/python3.13/site-packages/django/db/models/base.py", line 1201, in _do_insert
    return manager._insert(
           ~~~~~~~~~~~~~~~^
        [self],
        ^^^^^^^
    ...<3 lines>...
        raw=raw,
        ^^^^^^^^
    )
    ^
  File "/Users/admin/Desktop/Rohit_Dev/nm_main/env1/lib/python3.13/site-packages/django/db/models/manager.py", line 87, in manager_method
    return getattr(self.get_queryset(), name)(*args, **kwargs)
           ~~~~~~~~~~~~~~~~~~~~~~~~~~~~~~~~~~^^^^^^^^^^^^^^^^^
  File "/Users/admin/Desktop/Rohit_Dev/nm_main/env1/lib/python3.13/site-packages/django/db/models/query.py", line 1847, in _insert
    return query.get_compiler(using=using).execute_sql(returning_fields)
           ~~~~~~~~~~~~~~~~~~~~~~~~~~~~~~~~~~~~~~~~~~~^^^^^^^^^^^^^^^^^^
  File "/Users/admin/Desktop/Rohit_Dev/nm_main/env1/lib/python3.13/site-packages/django/db/models/sql/compiler.py", line 1848, in execute_sql
    self.connection.ops.fetch_returned_insert_columns(
    ~~~~~~~~~~~~~~~~~~~~~~~~~~~~~~~~~~~~~~~~~~~~~~~~~^
        cursor,
        ^^^^^^^
        self.returning_params,
        ^^^^^^^^^^^^^^^^^^^^^^
    )
    ^
  File "/Users/admin/Desktop/Rohit_Dev/nm_main/env1/lib/python3.13/site-packages/django/db/backends/base/operations.py", line 216, in fetch_returned_insert_columns
    return cursor.fetchone()
           ~~~~~~~~~~~~~~~^^
  File "/Users/admin/Desktop/Rohit_Dev/nm_main/env1/lib/python3.13/site-packages/django/db/utils.py", line 97, in inner
    with self:
         ^^^^
  File "/Users/admin/Desktop/Rohit_Dev/nm_main/env1/lib/python3.13/site-packages/django/db/utils.py", line 91, in __exit__
    raise dj_exc_value.with_traceback(traceback) from exc_value
  File "/Users/admin/Desktop/Rohit_Dev/nm_main/env1/lib/python3.13/site-packages/django/db/utils.py", line 98, in inner
    return func(*args, **kwargs)
django.db.utils.IntegrityError: FOREIGN KEY constraint failed
ERROR:django.request:Internal Server Error: /api/user/shipping-addresses/
ERROR:django:FOREIGN KEY constraint failed
Traceback (most recent call last):
  File "/Users/admin/Desktop/Rohit_Dev/nm_main/env1/lib/python3.13/site-packages/django/db/utils.py", line 98, in inner
    return func(*args, **kwargs)
sqlite3.IntegrityError: FOREIGN KEY constraint failed

The above exception was the direct cause of the following exception:

Traceback (most recent call last):
  File "/Users/admin/Desktop/Rohit_Dev/nm_main/env1/lib/python3.13/site-packages/ninja/operation.py", line 120, in run
    result = self.view_func(request, **values)
  File "/Users/admin/Desktop/Rohit_Dev/nm_main/backend/users/api.py", line 440, in create_shipping_address
    shipping_address.save()
    ~~~~~~~~~~~~~~~~~~~~~^^
  File "/Users/admin/Desktop/Rohit_Dev/nm_main/env1/lib/python3.13/site-packages/django/db/models/base.py", line 891, in save
    self.save_base(
    ~~~~~~~~~~~~~~^
        using=using,
        ^^^^^^^^^^^^
    ...<2 lines>...
        update_fields=update_fields,
        ^^^^^^^^^^^^^^^^^^^^^^^^^^^^
    )
    ^
  File "/Users/admin/Desktop/Rohit_Dev/nm_main/env1/lib/python3.13/site-packages/django/db/models/base.py", line 997, in save_base
    updated = self._save_table(
        raw,
    ...<4 lines>...
        update_fields,
    )
  File "/Users/admin/Desktop/Rohit_Dev/nm_main/env1/lib/python3.13/site-packages/django/db/models/base.py", line 1160, in _save_table
    results = self._do_insert(
        cls._base_manager, using, fields, returning_fields, raw
    )
  File "/Users/admin/Desktop/Rohit_Dev/nm_main/env1/lib/python3.13/site-packages/django/db/models/base.py", line 1201, in _do_insert
    return manager._insert(
           ~~~~~~~~~~~~~~~^
        [self],
        ^^^^^^^
    ...<3 lines>...
        raw=raw,
        ^^^^^^^^
    )
    ^
  File "/Users/admin/Desktop/Rohit_Dev/nm_main/env1/lib/python3.13/site-packages/django/db/models/manager.py", line 87, in manager_method
    return getattr(self.get_queryset(), name)(*args, **kwargs)
           ~~~~~~~~~~~~~~~~~~~~~~~~~~~~~~~~~~^^^^^^^^^^^^^^^^^
  File "/Users/admin/Desktop/Rohit_Dev/nm_main/env1/lib/python3.13/site-packages/django/db/models/query.py", line 1847, in _insert
    return query.get_compiler(using=using).execute_sql(returning_fields)
           ~~~~~~~~~~~~~~~~~~~~~~~~~~~~~~~~~~~~~~~~~~~^^^^^^^^^^^^^^^^^^
  File "/Users/admin/Desktop/Rohit_Dev/nm_main/env1/lib/python3.13/site-packages/django/db/models/sql/compiler.py", line 1848, in execute_sql
    self.connection.ops.fetch_returned_insert_columns(
    ~~~~~~~~~~~~~~~~~~~~~~~~~~~~~~~~~~~~~~~~~~~~~~~~~^
        cursor,
        ^^^^^^^
        self.returning_params,
        ^^^^^^^^^^^^^^^^^^^^^^
    )
    ^
  File "/Users/admin/Desktop/Rohit_Dev/nm_main/env1/lib/python3.13/site-packages/django/db/backends/base/operations.py", line 216, in fetch_returned_insert_columns
    return cursor.fetchone()
           ~~~~~~~~~~~~~~~^^
  File "/Users/admin/Desktop/Rohit_Dev/nm_main/env1/lib/python3.13/site-packages/django/db/utils.py", line 97, in inner
    with self:
         ^^^^
  File "/Users/admin/Desktop/Rohit_Dev/nm_main/env1/lib/python3.13/site-packages/django/db/utils.py", line 91, in __exit__
    raise dj_exc_value.with_traceback(traceback) from exc_value
  File "/Users/admin/Desktop/Rohit_Dev/nm_main/env1/lib/python3.13/site-packages/django/db/utils.py", line 98, in inner
    return func(*args, **kwargs)
django.db.utils.IntegrityError: FOREIGN KEY constraint failed
ERROR:django.request:Internal Server Error: /api/user/shipping-addresses/
WARNING:django.request:Not Found: /admiin
WARNING:django.request:Not Found: /favicon.ico
ERROR:django:FOREIGN KEY constraint failed
Traceback (most recent call last):
  File "/Users/admin/Desktop/Rohit_Dev/nm_main/env1/lib/python3.13/site-packages/django/db/utils.py", line 98, in inner
    return func(*args, **kwargs)
sqlite3.IntegrityError: FOREIGN KEY constraint failed

The above exception was the direct cause of the following exception:

Traceback (most recent call last):
  File "/Users/admin/Desktop/Rohit_Dev/nm_main/env1/lib/python3.13/site-packages/ninja/operation.py", line 120, in run
    result = self.view_func(request, **values)
  File "/Users/admin/Desktop/Rohit_Dev/nm_main/backend/users/api.py", line 440, in create_shipping_address
    shipping_address.save()
    ~~~~~~~~~~~~~~~~~~~~~^^
  File "/Users/admin/Desktop/Rohit_Dev/nm_main/env1/lib/python3.13/site-packages/django/db/models/base.py", line 891, in save
    self.save_base(
    ~~~~~~~~~~~~~~^
        using=using,
        ^^^^^^^^^^^^
    ...<2 lines>...
        update_fields=update_fields,
        ^^^^^^^^^^^^^^^^^^^^^^^^^^^^
    )
    ^
  File "/Users/admin/Desktop/Rohit_Dev/nm_main/env1/lib/python3.13/site-packages/django/db/models/base.py", line 997, in save_base
    updated = self._save_table(
        raw,
    ...<4 lines>...
        update_fields,
    )
  File "/Users/admin/Desktop/Rohit_Dev/nm_main/env1/lib/python3.13/site-packages/django/db/models/base.py", line 1160, in _save_table
    results = self._do_insert(
        cls._base_manager, using, fields, returning_fields, raw
    )
  File "/Users/admin/Desktop/Rohit_Dev/nm_main/env1/lib/python3.13/site-packages/django/db/models/base.py", line 1201, in _do_insert
    return manager._insert(
           ~~~~~~~~~~~~~~~^
        [self],
        ^^^^^^^
    ...<3 lines>...
        raw=raw,
        ^^^^^^^^
    )
    ^
  File "/Users/admin/Desktop/Rohit_Dev/nm_main/env1/lib/python3.13/site-packages/django/db/models/manager.py", line 87, in manager_method
    return getattr(self.get_queryset(), name)(*args, **kwargs)
           ~~~~~~~~~~~~~~~~~~~~~~~~~~~~~~~~~~^^^^^^^^^^^^^^^^^
  File "/Users/admin/Desktop/Rohit_Dev/nm_main/env1/lib/python3.13/site-packages/django/db/models/query.py", line 1847, in _insert
    return query.get_compiler(using=using).execute_sql(returning_fields)
           ~~~~~~~~~~~~~~~~~~~~~~~~~~~~~~~~~~~~~~~~~~~^^^^^^^^^^^^^^^^^^
  File "/Users/admin/Desktop/Rohit_Dev/nm_main/env1/lib/python3.13/site-packages/django/db/models/sql/compiler.py", line 1848, in execute_sql
    self.connection.ops.fetch_returned_insert_columns(
    ~~~~~~~~~~~~~~~~~~~~~~~~~~~~~~~~~~~~~~~~~~~~~~~~~^
        cursor,
        ^^^^^^^
        self.returning_params,
        ^^^^^^^^^^^^^^^^^^^^^^
    )
    ^
  File "/Users/admin/Desktop/Rohit_Dev/nm_main/env1/lib/python3.13/site-packages/django/db/backends/base/operations.py", line 216, in fetch_returned_insert_columns
    return cursor.fetchone()
           ~~~~~~~~~~~~~~~^^
  File "/Users/admin/Desktop/Rohit_Dev/nm_main/env1/lib/python3.13/site-packages/django/db/utils.py", line 97, in inner
    with self:
         ^^^^
  File "/Users/admin/Desktop/Rohit_Dev/nm_main/env1/lib/python3.13/site-packages/django/db/utils.py", line 91, in __exit__
    raise dj_exc_value.with_traceback(traceback) from exc_value
  File "/Users/admin/Desktop/Rohit_Dev/nm_main/env1/lib/python3.13/site-packages/django/db/utils.py", line 98, in inner
    return func(*args, **kwargs)
django.db.utils.IntegrityError: FOREIGN KEY constraint failed
ERROR:django.request:Internal Server Error: /api/user/shipping-addresses/
INFO:django.utils.autoreload:/Users/admin/Desktop/Rohit_Dev/nm_main/backend/users/api.py changed, reloading.
INFO:django.utils.autoreload:/Users/admin/Desktop/Rohit_Dev/nm_main/backend/users/api.py changed, reloading.
INFO:django.utils.autoreload:/Users/admin/Desktop/Rohit_Dev/nm_main/backend/users/api.py changed, reloading.
INFO:django.utils.autoreload:/Users/admin/Desktop/Rohit_Dev/nm_main/backend/utils/cache.py changed, reloading.
INFO:django.utils.autoreload:/Users/admin/Desktop/Rohit_Dev/nm_main/backend/orders/api.py changed, reloading.
INFO:django.utils.autoreload:/Users/admin/Desktop/Rohit_Dev/nm_main/backend/orders/api.py changed, reloading.
INFO:django.utils.autoreload:/Users/admin/Desktop/Rohit_Dev/nm_main/backend/orders/api.py changed, reloading.
INFO:django.utils.autoreload:/Users/admin/Desktop/Rohit_Dev/nm_main/backend/orders/api.py changed, reloading.
INFO:django.utils.autoreload:/Users/admin/Desktop/Rohit_Dev/nm_main/backend/reviews/api.py changed, reloading.
INFO:django.utils.autoreload:/Users/admin/Desktop/Rohit_Dev/nm_main/backend/reviews/api.py changed, reloading.
INFO:django.utils.autoreload:/Users/admin/Desktop/Rohit_Dev/nm_main/backend/reviews/api.py changed, reloading.
INFO:django.utils.autoreload:/Users/admin/Desktop/Rohit_Dev/nm_main/backend/users/api.py changed, reloading.
INFO:django.utils.autoreload:/Users/admin/Desktop/Rohit_Dev/nm_main/backend/reviews/api.py changed, reloading.
INFO:django.utils.autoreload:/Users/admin/Desktop/Rohit_Dev/nm_main/backend/reviews/api.py changed, reloading.
INFO:django:"POST - AsyncNinjaJWTSlidingController[refresh_token] /api/token/refresh" 0.08887004852294922
INFO:django:"POST - AsyncNinjaJWTSlidingController[refresh_token] /api/token/refresh" 0.008685827255249023
INFO:django:"POST - AsyncNinjaJWTSlidingController[refresh_token] /api/token/refresh" 0.004877805709838867
INFO:django.utils.autoreload:/Users/admin/Desktop/Rohit_Dev/nm_main/backend/users/api.py changed, reloading.
INFO:django:"POST - AsyncNinjaJWTSlidingController[refresh_token] /api/token/refresh" 0.028532028198242188
INFO:django:"POST - AsyncNinjaJWTSlidingController[refresh_token] /api/token/refresh" 0.010895252227783203
INFO:django:"POST - AsyncNinjaJWTSlidingController[refresh_token] /api/token/refresh" 0.0025680065155029297
INFO:django:"POST - AsyncNinjaJWTSlidingController[refresh_token] /api/token/refresh" 0.004040956497192383
INFO:django:"POST - AsyncNinjaJWTSlidingController[refresh_token] /api/token/refresh" 0.0012753009796142578
INFO:django:"POST - AsyncNinjaJWTSlidingController[refresh_token] /api/token/refresh" 0.03563499450683594
INFO:django:"POST - AsyncNinjaJWTSlidingController[refresh_token] /api/token/refresh" 0.002610921859741211
INFO:django.utils.autoreload:/Users/admin/Desktop/Rohit_Dev/nm_main/backend/users/api.py changed, reloading.
INFO:django:"POST - AsyncNinjaJWTSlidingController[refresh_token] /api/token/refresh" 0.007287025451660156
INFO:django:"POST - AsyncNinjaJWTSlidingController[refresh_token] /api/token/refresh" 0.006612300872802734
INFO:django:"POST - AsyncNinjaJWTSlidingController[refresh_token] /api/token/refresh" 0.012191057205200195
INFO:django:"POST - AsyncNinjaJWTSlidingController[refresh_token] /api/token/refresh" 0.01868891716003418
INFO:django:"POST - AsyncNinjaJWTSlidingController[refresh_token] /api/token/refresh" 0.04368185997009277
INFO:django:"POST - AsyncNinjaJWTSlidingController[refresh_token] /api/token/refresh" 0.001894235610961914
INFO:django:"POST - AsyncNinjaJWTSlidingController[refresh_token] /api/token/refresh" 0.002733945846557617
INFO:django:"POST - AsyncNinjaJWTSlidingController[refresh_token] /api/token/refresh" 0.004109859466552734
INFO:django:"POST - AsyncNinjaJWTSlidingController[refresh_token] /api/token/refresh" 0.0060672760009765625
WARNING:django.request:Unauthorized: /api/user/shipping-addresses/
INFO:django:"POST - AsyncNinjaJWTSlidingController[refresh_token] /api/token/refresh" 0.014842748641967773
INFO:django:"POST - AsyncNinjaJWTSlidingController[refresh_token] /api/token/refresh" 0.0030260086059570312
INFO:django.utils.autoreload:/Users/admin/Desktop/Rohit_Dev/nm_main/backend/users/api.py changed, reloading.
INFO:django:"POST - AsyncNinjaJWTSlidingController[refresh_token] /api/token/refresh" 0.25266504287719727
INFO:django.utils.autoreload:/Users/admin/Desktop/Rohit_Dev/nm_main/backend/users/api.py changed, reloading.
WARNING:django.request:Not Found: /api/review/reviews/order-item/82/
WARNING:django.request:Not Found: /api/review/reviews/order-item/81/
WARNING:django.request:Not Found: /api/review/reviews/order-item/80/
WARNING:django.request:Not Found: /api/review/reviews/order-item/79/
WARNING:django.request:Not Found: /api/review/reviews/order-item/72/
WARNING:django.request:Not Found: /api/review/reviews/order-item/76/
WARNING:django.request:Not Found: /api/review/reviews/order-item/75/
WARNING:django.request:Not Found: /api/review/reviews/order-item/73/
WARNING:django.request:Not Found: /api/review/reviews/order-item/71/
WARNING:django.request:Not Found: /api/review/reviews/order-item/74/
WARNING:django.request:Not Found: /api/review/reviews/order-item/69/
WARNING:django.request:Not Found: /api/review/reviews/order-item/70/
WARNING:django.request:Not Found: /api/review/reviews/order-item/68/
WARNING:django.request:Not Found: /api/review/reviews/order-item/67/
INFO:django.utils.autoreload:/Users/admin/Desktop/Rohit_Dev/nm_main/backend/orders/api.py changed, reloading.
WARNING:django.request:Not Found: /api/review/reviews/order-item/82/
WARNING:django.request:Not Found: /api/review/reviews/order-item/81/
WARNING:django.request:Not Found: /api/review/reviews/order-item/75/
WARNING:django.request:Not Found: /api/review/reviews/order-item/80/
WARNING:django.request:Not Found: /api/review/reviews/order-item/76/
WARNING:django.request:Not Found: /api/review/reviews/order-item/73/
WARNING:django.request:Not Found: /api/review/reviews/order-item/74/
WARNING:django.request:Not Found: /api/review/reviews/order-item/79/
WARNING:django.request:Not Found: /api/review/reviews/order-item/72/
WARNING:django.request:Not Found: /api/review/reviews/order-item/69/
WARNING:django.request:Not Found: /api/review/reviews/order-item/70/
WARNING:django.request:Not Found: /api/review/reviews/order-item/71/
WARNING:django.request:Not Found: /api/review/reviews/order-item/68/
WARNING:django.request:Not Found: /api/review/reviews/order-item/67/
